  main.cpp
C:\Program Files\Microsoft Visual Studio\2022\Community\VC\Tools\MSVC\14.31.31103\include\utility(190,48): warning C4267: '초기화 중': 'size_t'에서 '_Ty1'(으)로 변환하면서 데이터가 손실될 수 있습니다.
          with
          [
              _Ty1=int
          ]
C:\Users\prkim\source\repos\InhastagramProgram\main.cpp(30): message : 컴파일되는 함수 템플릿 인스턴스화 'std::pair<int,int>::pair<unsigned __int64,_Ty&,0>(_Other1 &&,_Other2) noexcept'에 대한 참조를 확인하세요.
          with
          [
              _Ty=int,
              _Other1=unsigned __int64,
              _Other2=int &
          ]
C:\Users\prkim\source\repos\InhastagramProgram\main.cpp(30): message : 컴파일되는 함수 템플릿 인스턴스화 'std::pair<int,int>::pair<unsigned __int64,_Ty&,0>(_Other1 &&,_Other2) noexcept'에 대한 참조를 확인하세요.
          with
          [
              _Ty=int,
              _Other1=unsigned __int64,
              _Other2=int &
          ]
  InhastagramProgram.vcxproj -> C:\Users\prkim\source\repos\InhastagramProgram\x64\Debug\InhastagramProgram.exe
